{"total": {"lines":{"total":457,"covered":30,"skipped":0,"pct":6.56},"statements":{"total":476,"covered":30,"skipped":0,"pct":6.3},"functions":{"total":166,"covered":0,"skipped":0,"pct":0},"branches":{"total":109,"covered":0,"skipped":0,"pct":0}}
,"/home/guilherme/Trybe/Projetos-trybe/sd-07-project-recipes-app/src/App.js": {"lines":{"total":1,"covered":0,"skipped":0,"pct":0},"functions":{"total":1,"covered":0,"skipped":0,"pct":0},"statements":{"total":1,"covered":0,"skipped":0,"pct":0},"branches":{"total":0,"covered":0,"skipped":0,"pct":100}}
,"/home/guilherme/Trybe/Projetos-trybe/sd-07-project-recipes-app/src/renderWithRouter.js": {"lines":{"total":3,"covered":1,"skipped":0,"pct":33.33},"functions":{"total":1,"covered":0,"skipped":0,"pct":0},"statements":{"total":3,"covered":1,"skipped":0,"pct":33.33},"branches":{"total":0,"covered":0,"skipped":0,"pct":100}}
,"/home/guilherme/Trybe/Projetos-trybe/sd-07-project-recipes-app/src/components/Category.js": {"lines":{"total":37,"covered":0,"skipped":0,"pct":0},"functions":{"total":11,"covered":0,"skipped":0,"pct":0},"statements":{"total":39,"covered":0,"skipped":0,"pct":0},"branches":{"total":16,"covered":0,"skipped":0,"pct":0}}
,"/home/guilherme/Trybe/Projetos-trybe/sd-07-project-recipes-app/src/components/Footer.js": {"lines":{"total":1,"covered":0,"skipped":0,"pct":0},"functions":{"total":1,"covered":0,"skipped":0,"pct":0},"statements":{"total":1,"covered":0,"skipped":0,"pct":0},"branches":{"total":0,"covered":0,"skipped":0,"pct":100}}
,"/home/guilherme/Trybe/Projetos-trybe/sd-07-project-recipes-app/src/components/Header.js": {"lines":{"total":13,"covered":0,"skipped":0,"pct":0},"functions":{"total":6,"covered":0,"skipped":0,"pct":0},"statements":{"total":13,"covered":0,"skipped":0,"pct":0},"branches":{"total":4,"covered":0,"skipped":0,"pct":0}}
,"/home/guilherme/Trybe/Projetos-trybe/sd-07-project-recipes-app/src/components/Loading.js": {"lines":{"total":1,"covered":0,"skipped":0,"pct":0},"functions":{"total":1,"covered":0,"skipped":0,"pct":0},"statements":{"total":1,"covered":0,"skipped":0,"pct":0},"branches":{"total":0,"covered":0,"skipped":0,"pct":100}}
,"/home/guilherme/Trybe/Projetos-trybe/sd-07-project-recipes-app/src/components/SearchInput.js": {"lines":{"total":4,"covered":0,"skipped":0,"pct":0},"functions":{"total":2,"covered":0,"skipped":0,"pct":0},"statements":{"total":4,"covered":0,"skipped":0,"pct":0},"branches":{"total":0,"covered":0,"skipped":0,"pct":100}}
,"/home/guilherme/Trybe/Projetos-trybe/sd-07-project-recipes-app/src/context/Provider.js": {"lines":{"total":18,"covered":1,"skipped":0,"pct":5.56},"functions":{"total":3,"covered":0,"skipped":0,"pct":0},"statements":{"total":19,"covered":1,"skipped":0,"pct":5.26},"branches":{"total":2,"covered":0,"skipped":0,"pct":0}}
,"/home/guilherme/Trybe/Projetos-trybe/sd-07-project-recipes-app/src/context/RecipesContext.js": {"lines":{"total":1,"covered":1,"skipped":0,"pct":100},"functions":{"total":0,"covered":0,"skipped":0,"pct":100},"statements":{"total":1,"covered":1,"skipped":0,"pct":100},"branches":{"total":0,"covered":0,"skipped":0,"pct":100}}
,"/home/guilherme/Trybe/Projetos-trybe/sd-07-project-recipes-app/src/history/history.js": {"lines":{"total":1,"covered":1,"skipped":0,"pct":100},"functions":{"total":0,"covered":0,"skipped":0,"pct":100},"statements":{"total":1,"covered":1,"skipped":0,"pct":100},"branches":{"total":0,"covered":0,"skipped":0,"pct":100}}
,"/home/guilherme/Trybe/Projetos-trybe/sd-07-project-recipes-app/src/pages/DrinkArea.js": {"lines":{"total":1,"covered":0,"skipped":0,"pct":0},"functions":{"total":1,"covered":0,"skipped":0,"pct":0},"statements":{"total":1,"covered":0,"skipped":0,"pct":0},"branches":{"total":0,"covered":0,"skipped":0,"pct":100}}
,"/home/guilherme/Trybe/Projetos-trybe/sd-07-project-recipes-app/src/pages/DrinkDetails.js": {"lines":{"total":56,"covered":0,"skipped":0,"pct":0},"functions":{"total":16,"covered":0,"skipped":0,"pct":0},"statements":{"total":59,"covered":0,"skipped":0,"pct":0},"branches":{"total":13,"covered":0,"skipped":0,"pct":0}}
,"/home/guilherme/Trybe/Projetos-trybe/sd-07-project-recipes-app/src/pages/DrinkIngredient.js": {"lines":{"total":10,"covered":0,"skipped":0,"pct":0},"functions":{"total":5,"covered":0,"skipped":0,"pct":0},"statements":{"total":10,"covered":0,"skipped":0,"pct":0},"branches":{"total":0,"covered":0,"skipped":0,"pct":100}}
,"/home/guilherme/Trybe/Projetos-trybe/sd-07-project-recipes-app/src/pages/DrinkRecipes.js": {"lines":{"total":22,"covered":0,"skipped":0,"pct":0},"functions":{"total":8,"covered":0,"skipped":0,"pct":0},"statements":{"total":22,"covered":0,"skipped":0,"pct":0},"branches":{"total":8,"covered":0,"skipped":0,"pct":0}}
,"/home/guilherme/Trybe/Projetos-trybe/sd-07-project-recipes-app/src/pages/Explore.js": {"lines":{"total":1,"covered":0,"skipped":0,"pct":0},"functions":{"total":1,"covered":0,"skipped":0,"pct":0},"statements":{"total":1,"covered":0,"skipped":0,"pct":0},"branches":{"total":0,"covered":0,"skipped":0,"pct":100}}
,"/home/guilherme/Trybe/Projetos-trybe/sd-07-project-recipes-app/src/pages/ExploreDrink.js": {"lines":{"total":8,"covered":0,"skipped":0,"pct":0},"functions":{"total":3,"covered":0,"skipped":0,"pct":0},"statements":{"total":8,"covered":0,"skipped":0,"pct":0},"branches":{"total":0,"covered":0,"skipped":0,"pct":100}}
,"/home/guilherme/Trybe/Projetos-trybe/sd-07-project-recipes-app/src/pages/ExploreFood.js": {"lines":{"total":8,"covered":0,"skipped":0,"pct":0},"functions":{"total":3,"covered":0,"skipped":0,"pct":0},"statements":{"total":8,"covered":0,"skipped":0,"pct":0},"branches":{"total":0,"covered":0,"skipped":0,"pct":100}}
,"/home/guilherme/Trybe/Projetos-trybe/sd-07-project-recipes-app/src/pages/FavoriteRecipes.js": {"lines":{"total":22,"covered":0,"skipped":0,"pct":0},"functions":{"total":11,"covered":0,"skipped":0,"pct":0},"statements":{"total":25,"covered":0,"skipped":0,"pct":0},"branches":{"total":4,"covered":0,"skipped":0,"pct":0}}
,"/home/guilherme/Trybe/Projetos-trybe/sd-07-project-recipes-app/src/pages/FoodArea.js": {"lines":{"total":34,"covered":0,"skipped":0,"pct":0},"functions":{"total":15,"covered":0,"skipped":0,"pct":0},"statements":{"total":34,"covered":0,"skipped":0,"pct":0},"branches":{"total":2,"covered":0,"skipped":0,"pct":0}}
,"/home/guilherme/Trybe/Projetos-trybe/sd-07-project-recipes-app/src/pages/FoodDetails.js": {"lines":{"total":56,"covered":0,"skipped":0,"pct":0},"functions":{"total":16,"covered":0,"skipped":0,"pct":0},"statements":{"total":59,"covered":0,"skipped":0,"pct":0},"branches":{"total":13,"covered":0,"skipped":0,"pct":0}}
,"/home/guilherme/Trybe/Projetos-trybe/sd-07-project-recipes-app/src/pages/FoodIngredient.js": {"lines":{"total":10,"covered":0,"skipped":0,"pct":0},"functions":{"total":5,"covered":0,"skipped":0,"pct":0},"statements":{"total":10,"covered":0,"skipped":0,"pct":0},"branches":{"total":0,"covered":0,"skipped":0,"pct":100}}
,"/home/guilherme/Trybe/Projetos-trybe/sd-07-project-recipes-app/src/pages/FoodRecipes.js": {"lines":{"total":22,"covered":0,"skipped":0,"pct":0},"functions":{"total":8,"covered":0,"skipped":0,"pct":0},"statements":{"total":22,"covered":0,"skipped":0,"pct":0},"branches":{"total":9,"covered":0,"skipped":0,"pct":0}}
,"/home/guilherme/Trybe/Projetos-trybe/sd-07-project-recipes-app/src/pages/Login.js": {"lines":{"total":20,"covered":0,"skipped":0,"pct":0},"functions":{"total":4,"covered":0,"skipped":0,"pct":0},"statements":{"total":20,"covered":0,"skipped":0,"pct":0},"branches":{"total":4,"covered":0,"skipped":0,"pct":0}}
,"/home/guilherme/Trybe/Projetos-trybe/sd-07-project-recipes-app/src/pages/Profile.js": {"lines":{"total":3,"covered":0,"skipped":0,"pct":0},"functions":{"total":2,"covered":0,"skipped":0,"pct":0},"statements":{"total":3,"covered":0,"skipped":0,"pct":0},"branches":{"total":2,"covered":0,"skipped":0,"pct":0}}
,"/home/guilherme/Trybe/Projetos-trybe/sd-07-project-recipes-app/src/pages/RecipesMade.js": {"lines":{"total":23,"covered":0,"skipped":0,"pct":0},"functions":{"total":12,"covered":0,"skipped":0,"pct":0},"statements":{"total":25,"covered":0,"skipped":0,"pct":0},"branches":{"total":6,"covered":0,"skipped":0,"pct":0}}
,"/home/guilherme/Trybe/Projetos-trybe/sd-07-project-recipes-app/src/services/drinkAPI.js": {"lines":{"total":17,"covered":6,"skipped":0,"pct":35.29},"functions":{"total":8,"covered":0,"skipped":0,"pct":0},"statements":{"total":19,"covered":6,"skipped":0,"pct":31.58},"branches":{"total":2,"covered":0,"skipped":0,"pct":0}}
,"/home/guilherme/Trybe/Projetos-trybe/sd-07-project-recipes-app/src/services/foodAPI.js": {"lines":{"total":17,"covered":6,"skipped":0,"pct":35.29},"functions":{"total":8,"covered":0,"skipped":0,"pct":0},"statements":{"total":19,"covered":6,"skipped":0,"pct":31.58},"branches":{"total":2,"covered":0,"skipped":0,"pct":0}}
,"/home/guilherme/Trybe/Projetos-trybe/sd-07-project-recipes-app/src/services/functions.js": {"lines":{"total":25,"covered":2,"skipped":0,"pct":8},"functions":{"total":8,"covered":0,"skipped":0,"pct":0},"statements":{"total":26,"covered":2,"skipped":0,"pct":7.69},"branches":{"total":18,"covered":0,"skipped":0,"pct":0}}
,"/home/guilherme/Trybe/Projetos-trybe/sd-07-project-recipes-app/src/services/helpers.js": {"lines":{"total":22,"covered":12,"skipped":0,"pct":54.55},"functions":{"total":6,"covered":0,"skipped":0,"pct":0},"statements":{"total":22,"covered":12,"skipped":0,"pct":54.55},"branches":{"total":4,"covered":0,"skipped":0,"pct":0}}
}
